


ARM Macro Assembler    Page 1 


    1 00000000         ; <<< Use Configuration Wizard in Context Menu >>>
    2 00000000         ;*******************************************************
                       ***********************
    3 00000000         ;
    4 00000000         ; startup_rvmdk.S - Startup code for use with Keil's uVi
                       sion.
    5 00000000         ;
    6 00000000         ; Copyright (c) 2014 Texas Instruments Incorporated.  Al
                       l rights reserved.
    7 00000000         ; Software License Agreement
    8 00000000         ;
    9 00000000         ; Texas Instruments (TI) is supplying this software for 
                       use solely and
   10 00000000         ; exclusively on TI's microcontroller products. The soft
                       ware is owned by
   11 00000000         ; TI and/or its suppliers, and is protected under applic
                       able copyright
   12 00000000         ; laws. You may not combine this software with "viral" o
                       pen-source
   13 00000000         ; software in order to form a larger program.
   14 00000000         ;
   15 00000000         ; THIS SOFTWARE IS PROVIDED "AS IS" AND WITH ALL FAULTS.
                       
   16 00000000         ; NO WARRANTIES, WHETHER EXPRESS, IMPLIED OR STATUTORY, 
                       INCLUDING, BUT
   17 00000000         ; NOT LIMITED TO, IMPLIED WARRANTIES OF MERCHANTABILITY 
                       AND FITNESS FOR
   18 00000000         ; A PARTICULAR PURPOSE APPLY TO THIS SOFTWARE. TI SHALL 
                       NOT, UNDER ANY
   19 00000000         ; CIRCUMSTANCES, BE LIABLE FOR SPECIAL, INCIDENTAL, OR C
                       ONSEQUENTIAL
   20 00000000         ; DAMAGES, FOR ANY REASON WHATSOEVER.
   21 00000000         ;
   22 00000000         ; This is part of revision 2.1.0.12573 of the EK-TM4C129
                       4XL Firmware Package.
   23 00000000         ;
   24 00000000         ;*******************************************************
                       ***********************
   25 00000000         ; Edited to conform with ISR names as described in
   26 00000000         ;   "Embedded Systems: Introduction to ARM Cortex M Micr
                       ocontrollers",
   27 00000000         ;   ISBN: 978-1469998749, Jonathan Valvano, copyright (c
                       ) 2014
   28 00000000         ;   "Embedded Systems: Real Time Interfacing to ARM Cort
                       ex M Microcontrollers",
   29 00000000         ;   ISBN: 978-1463590154, Jonathan Valvano, copyright (c
                       ) 2014
   30 00000000         ;   "Embedded Systems: Real-Time Operating Systems for A
                       RM Cortex M Microcontrollers",
   31 00000000         ;   ISBN: 978-1466468863, Jonathan Valvano, copyright (c
                       ) 2014
   32 00000000         ;
   33 00000000         ;*******************************************************
                       ***********************
   34 00000000         ;
   35 00000000         ; <o> Stack Size (in Bytes) <0x0-0xFFFFFFFF:8>
   36 00000000         ;
   37 00000000         ;*******************************************************
                       ***********************



ARM Macro Assembler    Page 2 


   38 00000000 00000400 
                       Stack   EQU              0x00000400
   39 00000000         
   40 00000000         ;*******************************************************
                       ***********************
   41 00000000         ;
   42 00000000         ; <o> Heap Size (in Bytes) <0x0-0xFFFFFFFF:8>
   43 00000000         ;
   44 00000000         ;*******************************************************
                       ***********************
   45 00000000 00000000 
                       Heap    EQU              0x00000000
   46 00000000         
   47 00000000         ;*******************************************************
                       ***********************
   48 00000000         ;
   49 00000000         ; Allocate space for the stack.
   50 00000000         ;
   51 00000000         ;*******************************************************
                       ***********************
   52 00000000                 AREA             STACK, NOINIT, READWRITE, ALIGN
=3
   53 00000000         StackMem
   54 00000000                 SPACE            Stack
   55 00000400         __initial_sp
   56 00000400         
   57 00000400         ;*******************************************************
                       ***********************
   58 00000400         ;
   59 00000400         ; Allocate space for the heap.
   60 00000400         ;
   61 00000400         ;*******************************************************
                       ***********************
   62 00000400                 AREA             HEAP, NOINIT, READWRITE, ALIGN=
3
   63 00000000         __heap_base
   64 00000000         HeapMem
   65 00000000                 SPACE            Heap
   66 00000000         __heap_limit
   67 00000000         
   68 00000000         ;*******************************************************
                       ***********************
   69 00000000         ;
   70 00000000         ; Indicate that the code in this file preserves 8-byte a
                       lignment of the stack.
   71 00000000         ;
   72 00000000         ;*******************************************************
                       ***********************
   73 00000000                 PRESERVE8
   74 00000000         
   75 00000000         ;*******************************************************
                       ***********************
   76 00000000         ;
   77 00000000         ; Place code into the reset code section.
   78 00000000         ;
   79 00000000         ;*******************************************************
                       ***********************
   80 00000000                 AREA             RESET, CODE, READONLY
   81 00000000                 THUMB



ARM Macro Assembler    Page 3 


   82 00000000         
   83 00000000         ;*******************************************************
                       ***********************
   84 00000000         ;
   85 00000000         ; The vector table.
   86 00000000         ;
   87 00000000         ;*******************************************************
                       ***********************
   88 00000000                 EXPORT           __Vectors
   89 00000000         __Vectors
   90 00000000 00000400        DCD              StackMem + Stack 
                                                            ;   0) Top of Stack
                                                            
   91 00000004 00000000        DCD              Reset_Handler ;   1) Reset Hand
                                                            ler
   92 00000008 00000000        DCD              NMI_Handler ;   2) NMI Handler
   93 0000000C 00000000        DCD              HardFault_Handler ;   3) Hard F
                                                            ault Handler
   94 00000010 00000000        DCD              MemManage_Handler ;   4) MPU Fa
                                                            ult Handler
   95 00000014 00000000        DCD              BusFault_Handler ;   5) Bus Fau
                                                            lt Handler
   96 00000018 00000000        DCD              UsageFault_Handler ;   6) Usage
                                                             Fault Handler
   97 0000001C 00000000        DCD              0           ;   7) Reserved
   98 00000020 00000000        DCD              0           ;   8) Reserved
   99 00000024 00000000        DCD              0           ;   9) Reserved
  100 00000028 00000000        DCD              0           ;  10) Reserved
  101 0000002C 00000000        DCD              SVC_Handler ;  11) SVCall Handl
                                                            er
  102 00000030 00000000        DCD              DebugMon_Handler ;  12) Debug M
                                                            onitor Handler
  103 00000034 00000000        DCD              0           ;  13) Reserved
  104 00000038 00000000        DCD              PendSV_Handler ;  14) PendSV Ha
                                                            ndler
  105 0000003C 00000000        DCD              SysTick_Handler ;  15) SysTick 
                                                            Handler
  106 00000040 00000000        DCD              GPIOPortA_Handler 
                                                            ;  16) GPIO Port A
  107 00000044 00000000        DCD              GPIOPortB_Handler 
                                                            ;  17) GPIO Port B
  108 00000048 00000000        DCD              GPIOPortC_Handler 
                                                            ;  18) GPIO Port C
  109 0000004C 00000000        DCD              GPIOPortD_Handler 
                                                            ;  19) GPIO Port D
  110 00000050 00000000        DCD              GPIOPortE_Handler 
                                                            ;  20) GPIO Port E
  111 00000054 00000000        DCD              UART0_Handler ;  21) UART0 Rx a
                                                            nd Tx
  112 00000058 00000000        DCD              UART1_Handler ;  22) UART1 Rx a
                                                            nd Tx
  113 0000005C 00000000        DCD              SSI0_Handler ;  23) SSI0 Rx and
                                                             Tx
  114 00000060 00000000        DCD              I2C0_Handler ;  24) I2C0 Master
                                                             and Slave
  115 00000064 00000000        DCD              PWM0Fault_Handler 
                                                            ;  25) PWM 0 Fault
  116 00000068 00000000        DCD              PWM0Generator0_Handler ;  26) P
                                                            WM 0 Generator 0



ARM Macro Assembler    Page 4 


  117 0000006C 00000000        DCD              PWM0Generator1_Handler ;  27) P
                                                            WM 0 Generator 1
  118 00000070 00000000        DCD              PWM0Generator2_Handler ;  28) P
                                                            WM 0 Generator 2
  119 00000074 00000000        DCD              Quadrature0_Handler ;  29) Quad
                                                            rature Encoder 0
  120 00000078 00000000        DCD              ADC0Seq0_Handler ;  30) ADC0 Se
                                                            quence 0
  121 0000007C 00000000        DCD              ADC0Seq1_Handler ;  31) ADC0 Se
                                                            quence 1
  122 00000080 00000000        DCD              ADC0Seq2_Handler ;  32) ADC0 Se
                                                            quence 2
  123 00000084 00000000        DCD              ADC0Seq3_Handler ;  33) ADC0 Se
                                                            quence 3
  124 00000088 00000000        DCD              WDT_Handler ;  34) Watchdog Tim
                                                            ers 0 and 1
  125 0000008C 00000000        DCD              Timer0A_Handler ;  35) Timer 0 
                                                            subtimer A
  126 00000090 00000000        DCD              Timer0B_Handler ;  36) Timer 0 
                                                            subtimer B
  127 00000094 00000000        DCD              Timer1A_Handler ;  37) Timer 1 
                                                            subtimer A
  128 00000098 00000000        DCD              Timer1B_Handler ;  38) Timer 1 
                                                            subtimer B
  129 0000009C 00000000        DCD              Timer2A_Handler ;  39) Timer 2 
                                                            subtimer A
  130 000000A0 00000000        DCD              Timer2B_Handler ;  40) Timer 2 
                                                            subtimer B
  131 000000A4 00000000        DCD              Comp0_Handler ;  41) Analog Com
                                                            p 0
  132 000000A8 00000000        DCD              Comp1_Handler ;  42) Analog Com
                                                            p 1
  133 000000AC 00000000        DCD              Comp2_Handler ;  43) Analog Com
                                                            p 2
  134 000000B0 00000000        DCD              SysCtl_Handler ;  44) System Co
                                                            ntrol (PLL, OSC, BO
                                                            )
  135 000000B4 00000000        DCD              FlashCtl_Handler ;  45) Flash C
                                                            ontrol
  136 000000B8 00000000        DCD              GPIOPortF_Handler 
                                                            ;  46) GPIO Port F
  137 000000BC 00000000        DCD              GPIOPortG_Handler 
                                                            ;  47) GPIO Port G
  138 000000C0 00000000        DCD              GPIOPortH_Handler 
                                                            ;  48) GPIO Port H
  139 000000C4 00000000        DCD              UART2_Handler ;  49) UART2 Rx a
                                                            nd Tx
  140 000000C8 00000000        DCD              SSI1_Handler ;  50) SSI1 Rx and
                                                             Tx
  141 000000CC 00000000        DCD              Timer3A_Handler ;  51) Timer 3 
                                                            subtimer A
  142 000000D0 00000000        DCD              Timer3B_Handler ;  52) Timer 3 
                                                            subtimer B
  143 000000D4 00000000        DCD              I2C1_Handler ;  53) I2C1 Master
                                                             and Slave
  144 000000D8 00000000        DCD              CAN0_Handler ;  54) CAN0
  145 000000DC 00000000        DCD              CAN1_Handler ;  55) CAN1
  146 000000E0 00000000        DCD              Ethernet_Handler 
                                                            ;  56) Ethernet



ARM Macro Assembler    Page 5 


  147 000000E4 00000000        DCD              Hibernate_Handler 
                                                            ;  57) Hibernate
  148 000000E8 00000000        DCD              USB0_Handler ;  58) USB0
  149 000000EC 00000000        DCD              PWM0Generator3_Handler ;  59) P
                                                            WM 0 Generator 3
  150 000000F0 00000000        DCD              uDMA_Handler ;  60) uDMA Softwa
                                                            re Transfer
  151 000000F4 00000000        DCD              uDMA_Error  ;  61) uDMA Error
  152 000000F8 00000000        DCD              ADC1Seq0_Handler ;  62) ADC1 Se
                                                            quence 0
  153 000000FC 00000000        DCD              ADC1Seq1_Handler ;  63) ADC1 Se
                                                            quence 1
  154 00000100 00000000        DCD              ADC1Seq2_Handler ;  64) ADC1 Se
                                                            quence 2
  155 00000104 00000000        DCD              ADC1Seq3_Handler ;  65) ADC1 Se
                                                            quence 3
  156 00000108 00000000        DCD              ExtBus_Handler ;  66) External 
                                                            Bus Interface 0
  157 0000010C 00000000        DCD              GPIOPortJ_Handler 
                                                            ;  67) GPIO Port J
  158 00000110 00000000        DCD              GPIOPortK_Handler 
                                                            ;  68) GPIO Port K
  159 00000114 00000000        DCD              GPIOPortL_Handler 
                                                            ;  69) GPIO Port L
  160 00000118 00000000        DCD              SSI2_Handler ;  70) SSI2 Rx and
                                                             Tx
  161 0000011C 00000000        DCD              SSI3_Handler ;  71) SSI3 Rx and
                                                             Tx
  162 00000120 00000000        DCD              UART3_Handler ;  72) UART3 Rx a
                                                            nd Tx
  163 00000124 00000000        DCD              UART4_Handler ;  73) UART4 Rx a
                                                            nd Tx
  164 00000128 00000000        DCD              UART5_Handler ;  74) UART5 Rx a
                                                            nd Tx
  165 0000012C 00000000        DCD              UART6_Handler ;  75) UART6 Rx a
                                                            nd Tx
  166 00000130 00000000        DCD              UART7_Handler ;  76) UART7 Rx a
                                                            nd Tx
  167 00000134 00000000        DCD              I2C2_Handler ;  77) I2C2 Master
                                                             and Slave
  168 00000138 00000000        DCD              I2C3_Handler ;  78) I2C3 Master
                                                             and Slave
  169 0000013C 00000000        DCD              Timer4A_Handler ;  79) Timer 4 
                                                            subtimer A
  170 00000140 00000000        DCD              Timer4B_Handler ;  80) Timer 4 
                                                            subtimer B
  171 00000144 00000000        DCD              Timer5A_Handler ;  81) Timer 5 
                                                            subtimer A
  172 00000148 00000000        DCD              Timer5B_Handler ;  82) Timer 5 
                                                            subtimer B
  173 0000014C 00000000        DCD              FPU_Handler ;  83) Floating-Poi
                                                            nt Exception (impre
                                                            cise)
  174 00000150 00000000        DCD              0           ;  84) Reserved
  175 00000154 00000000        DCD              0           ;  85) Reserved
  176 00000158 00000000        DCD              I2C4_Handler ;  86) I2C4 Master
                                                             and Slave
  177 0000015C 00000000        DCD              I2C5_Handler ;  87) I2C5 Master
                                                             and Slave



ARM Macro Assembler    Page 6 


  178 00000160 00000000        DCD              GPIOPortM_Handler 
                                                            ;  88) GPIO Port M
  179 00000164 00000000        DCD              GPIOPortN_Handler 
                                                            ;  89) GPIO Port N
  180 00000168 00000000        DCD              0           ;  90) Reserved
  181 0000016C 00000000        DCD              Tamper_Handler ;  91) Tamper
  182 00000170 00000000        DCD              GPIOPortP_Handler ;  92) GPIO P
                                                            ort P (Summary or P
                                                            0)
  183 00000174 00000000        DCD              GPIOPortP1_Handler 
                                                            ;  93) GPIO Port P1
                                                            
  184 00000178 00000000        DCD              GPIOPortP2_Handler 
                                                            ;  94) GPIO Port P2
                                                            
  185 0000017C 00000000        DCD              GPIOPortP3_Handler 
                                                            ;  95) GPIO Port P3
                                                            
  186 00000180 00000000        DCD              GPIOPortP4_Handler 
                                                            ;  96) GPIO Port P4
                                                            
  187 00000184 00000000        DCD              GPIOPortP5_Handler 
                                                            ;  97) GPIO Port P5
                                                            
  188 00000188 00000000        DCD              GPIOPortP6_Handler 
                                                            ;  98) GPIO Port P6
                                                            
  189 0000018C 00000000        DCD              GPIOPortP7_Handler 
                                                            ;  99) GPIO Port P7
                                                            
  190 00000190 00000000        DCD              GPIOPortQ_Handler ; 100) GPIO P
                                                            ort Q (Summary or Q
                                                            0)
  191 00000194 00000000        DCD              GPIOPortQ1_Handler 
                                                            ; 101) GPIO Port Q1
                                                            
  192 00000198 00000000        DCD              GPIOPortQ2_Handler 
                                                            ; 102) GPIO Port Q2
                                                            
  193 0000019C 00000000        DCD              GPIOPortQ3_Handler 
                                                            ; 103) GPIO Port Q3
                                                            
  194 000001A0 00000000        DCD              GPIOPortQ4_Handler 
                                                            ; 104) GPIO Port Q4
                                                            
  195 000001A4 00000000        DCD              GPIOPortQ5_Handler 
                                                            ; 105) GPIO Port Q5
                                                            
  196 000001A8 00000000        DCD              GPIOPortQ6_Handler 
                                                            ; 106) GPIO Port Q6
                                                            
  197 000001AC 00000000        DCD              GPIOPortQ7_Handler 
                                                            ; 107) GPIO Port Q7
                                                            
  198 000001B0 00000000        DCD              0           ; 108) Reserved
  199 000001B4 00000000        DCD              0           ; 109) Reserved
  200 000001B8 00000000        DCD              0           ; 110) Reserved
  201 000001BC 00000000        DCD              0           ; 111) Reserved
  202 000001C0 00000000        DCD              0           ; 112) Reserved



ARM Macro Assembler    Page 7 


  203 000001C4 00000000        DCD              0           ; 113) Reserved
  204 000001C8 00000000        DCD              Timer6A_Handler ; 114) Timer 6 
                                                            subtimer A
  205 000001CC 00000000        DCD              Timer6B_Handler ; 115) Timer 6 
                                                            subtimer B
  206 000001D0 00000000        DCD              Timer7A_Handler ; 116) Timer 7 
                                                            subtimer A
  207 000001D4 00000000        DCD              Timer7B_Handler ; 117) Timer 7 
                                                            subtimer B
  208 000001D8 00000000        DCD              I2C6_Handler ; 118) I2C6 Master
                                                             and Slave
  209 000001DC 00000000        DCD              I2C7_Handler ; 119) I2C7 Master
                                                             and Slave
  210 000001E0 00000000        DCD              0           ; 120) Reserved
  211 000001E4 00000000        DCD              0           ; 121) Reserved
  212 000001E8 00000000        DCD              0           ; 122) Reserved
  213 000001EC 00000000        DCD              0           ; 123) Reserved
  214 000001F0 00000000        DCD              0           ; 124) Reserved
  215 000001F4 00000000        DCD              I2C8_Handler ; 125) I2C8 Master
                                                             and Slave
  216 000001F8 00000000        DCD              I2C9_Handler ; 126) I2C9 Master
                                                             and Slave
  217 000001FC 00000000        DCD              0           ; 127) Reserved
  218 00000200 00000000        DCD              0           ; 128) Reserved
  219 00000204 00000000        DCD              0           ; 129) Reserved
  220 00000208         
  221 00000208         ;*******************************************************
                       ***********************
  222 00000208         ;
  223 00000208         ; This is the code that gets called when the processor f
                       irst starts execution
  224 00000208         ; following a reset event.
  225 00000208         ;
  226 00000208         ;*******************************************************
                       ***********************
  227 00000208                 EXPORT           Reset_Handler
  228 00000208         Reset_Handler
  229 00000208         ;
  230 00000208         ; Do not enable the floating-point unit.  Un-comment thi
                       s to handle the
  231 00000208         ; case where main() uses floating-point and the function
                        prologue saves
  232 00000208         ; floating-point registers (which will fault if floating
                       -point is not
  233 00000208         ; enabled).  Any configuration of the floating-point uni
                       t using
  234 00000208         ; DriverLib APIs must be done here prior to the floating
                       -point unit
  235 00000208         ; being enabled.
  236 00000208         ;
  237 00000208         ; Note that this does not use DriverLib since it might n
                       ot be included
  238 00000208         ; in this project.
  239 00000208         ;
  240 00000208         ;        MOVW    R0, #0xED88
  241 00000208         ;        MOVT    R0, #0xE000
  242 00000208         ;        LDR     R1, [R0]
  243 00000208         ;        ORR     R1, #0x00F00000
  244 00000208         ;        STR     R1, [R0]



ARM Macro Assembler    Page 8 


  245 00000208         
  246 00000208         ;
  247 00000208         ; Call the C library enty point that handles startup.  T
                       his will copy
  248 00000208         ; the .data section initializers from flash to SRAM and 
                       zero fill the
  249 00000208         ; .bss section.
  250 00000208         ;
  251 00000208                 IMPORT           Start
  252 00000208 F7FF BFFE       B                Start       ;call user assembly
                                                             language program
  253 0000020C         
  254 0000020C         ;*******************************************************
                       ***********************
  255 0000020C         ;
  256 0000020C         ; This is the code that gets called when the processor r
                       eceives a NMI.  This
  257 0000020C         ; simply enters an infinite loop, preserving the system 
                       state for examination
  258 0000020C         ; by a debugger.
  259 0000020C         ;
  260 0000020C         ;*******************************************************
                       ***********************
  261 0000020C         NMI_Handler
                               PROC
  262 0000020C                 EXPORT           NMI_Handler               [WEAK
]
  263 0000020C E7FE            B                .
  264 0000020E                 ENDP
  265 0000020E         
  266 0000020E         ;*******************************************************
                       ***********************
  267 0000020E         ;
  268 0000020E         ; This is the code that gets called when the processor r
                       eceives a fault
  269 0000020E         ; interrupt.  This simply enters an infinite loop, prese
                       rving the system state
  270 0000020E         ; for examination by a debugger.
  271 0000020E         ;
  272 0000020E         ;*******************************************************
                       ***********************
  274 0000020E         HardFault_Handler
                               PROC
  275 0000020E                 EXPORT           HardFault_Handler         [WEAK
]
  276 0000020E E7FE            B                .
  277 00000210                 ENDP
  278 00000210         
  280 00000210         MemManage_Handler
                               PROC
  281 00000210                 EXPORT           MemManage_Handler         [WEAK
]
  282 00000210 E7FE            B                .
  283 00000212                 ENDP
  285 00000212         BusFault_Handler
                               PROC
  286 00000212                 EXPORT           BusFault_Handler          [WEAK
]
  287 00000212 E7FE            B                .



ARM Macro Assembler    Page 9 


  288 00000214                 ENDP
  290 00000214         UsageFault_Handler
                               PROC
  291 00000214                 EXPORT           UsageFault_Handler        [WEAK
]
  292 00000214 E7FE            B                .
  293 00000216                 ENDP
  294 00000216         SVC_Handler
                               PROC
  295 00000216                 EXPORT           SVC_Handler               [WEAK
]
  296 00000216 E7FE            B                .
  297 00000218                 ENDP
  299 00000218         DebugMon_Handler
                               PROC
  300 00000218                 EXPORT           DebugMon_Handler          [WEAK
]
  301 00000218 E7FE            B                .
  302 0000021A                 ENDP
  303 0000021A         PendSV_Handler
                               PROC
  304 0000021A                 EXPORT           PendSV_Handler            [WEAK
]
  305 0000021A E7FE            B                .
  306 0000021C                 ENDP
  307 0000021C         SysTick_Handler
                               PROC
  308 0000021C                 IMPORT           systick_interrupt
  309 0000021C                 EXPORT           SysTick_Handler           [WEAK
]
  310 0000021C F7FF BFFE       B                systick_interrupt
  311 00000220                 ENDP
  313 00000220         IntDefaultHandler
                               PROC
  314 00000220         
  315 00000220                 EXPORT           GPIOPortA_Handler         [WEAK
]
  316 00000220                 EXPORT           GPIOPortB_Handler         [WEAK
]
  317 00000220                 EXPORT           GPIOPortC_Handler         [WEAK
]
  318 00000220                 EXPORT           GPIOPortD_Handler         [WEAK
]
  319 00000220                 EXPORT           GPIOPortE_Handler         [WEAK
]
  320 00000220                 EXPORT           UART0_Handler             [WEAK
]
  321 00000220                 EXPORT           UART1_Handler             [WEAK
]
  322 00000220                 EXPORT           SSI0_Handler              [WEAK
]
  323 00000220                 EXPORT           I2C0_Handler              [WEAK
]
  324 00000220                 EXPORT           PWM0Fault_Handler         [WEAK
]
  325 00000220                 EXPORT           PWM0Generator0_Handler    [WEAK
]
  326 00000220                 EXPORT           PWM0Generator1_Handler    [WEAK
]



ARM Macro Assembler    Page 10 


  327 00000220                 EXPORT           PWM0Generator2_Handler    [WEAK
]
  328 00000220                 EXPORT           Quadrature0_Handler       [WEAK
]
  329 00000220                 EXPORT           ADC0Seq0_Handler          [WEAK
]
  330 00000220                 EXPORT           ADC0Seq1_Handler          [WEAK
]
  331 00000220                 EXPORT           ADC0Seq2_Handler          [WEAK
]
  332 00000220                 EXPORT           ADC0Seq3_Handler          [WEAK
]
  333 00000220                 EXPORT           WDT_Handler               [WEAK
]
  334 00000220                 EXPORT           Timer0A_Handler           [WEAK
]
  335 00000220                 EXPORT           Timer0B_Handler           [WEAK
]
  336 00000220                 EXPORT           Timer1A_Handler           [WEAK
]
  337 00000220                 EXPORT           Timer1B_Handler           [WEAK
]
  338 00000220                 EXPORT           Timer2A_Handler           [WEAK
]
  339 00000220                 EXPORT           Timer2B_Handler           [WEAK
]
  340 00000220                 EXPORT           Comp0_Handler             [WEAK
]
  341 00000220                 EXPORT           Comp1_Handler             [WEAK
]
  342 00000220                 EXPORT           Comp2_Handler             [WEAK
]
  343 00000220                 EXPORT           SysCtl_Handler            [WEAK
]
  344 00000220                 EXPORT           FlashCtl_Handler          [WEAK
]
  345 00000220                 EXPORT           GPIOPortF_Handler         [WEAK
]
  346 00000220                 EXPORT           GPIOPortG_Handler         [WEAK
]
  347 00000220                 EXPORT           GPIOPortH_Handler         [WEAK
]
  348 00000220                 EXPORT           UART2_Handler             [WEAK
]
  349 00000220                 EXPORT           SSI1_Handler              [WEAK
]
  350 00000220                 EXPORT           Timer3A_Handler           [WEAK
]
  351 00000220                 EXPORT           Timer3B_Handler           [WEAK
]
  352 00000220                 EXPORT           I2C1_Handler              [WEAK
]
  353 00000220                 EXPORT           CAN0_Handler              [WEAK
]
  354 00000220                 EXPORT           CAN1_Handler              [WEAK
]
  355 00000220                 EXPORT           Ethernet_Handler          [WEAK
]
  356 00000220                 EXPORT           Hibernate_Handler         [WEAK



ARM Macro Assembler    Page 11 


]
  357 00000220                 EXPORT           USB0_Handler              [WEAK
]
  358 00000220                 EXPORT           PWM0Generator3_Handler    [WEAK
]
  359 00000220                 EXPORT           uDMA_Handler              [WEAK
]
  360 00000220                 EXPORT           uDMA_Error                [WEAK
]
  361 00000220                 EXPORT           ADC1Seq0_Handler          [WEAK
]
  362 00000220                 EXPORT           ADC1Seq1_Handler          [WEAK
]
  363 00000220                 EXPORT           ADC1Seq2_Handler          [WEAK
]
  364 00000220                 EXPORT           ADC1Seq3_Handler          [WEAK
]
  365 00000220                 EXPORT           ExtBus_Handler            [WEAK
]
  366 00000220                 EXPORT           GPIOPortJ_Handler         [WEAK
]
  367 00000220                 EXPORT           GPIOPortK_Handler         [WEAK
]
  368 00000220                 EXPORT           GPIOPortL_Handler         [WEAK
]
  369 00000220                 EXPORT           SSI2_Handler              [WEAK
]
  370 00000220                 EXPORT           SSI3_Handler              [WEAK
]
  371 00000220                 EXPORT           UART3_Handler             [WEAK
]
  372 00000220                 EXPORT           UART4_Handler             [WEAK
]
  373 00000220                 EXPORT           UART5_Handler             [WEAK
]
  374 00000220                 EXPORT           UART6_Handler             [WEAK
]
  375 00000220                 EXPORT           UART7_Handler             [WEAK
]
  376 00000220                 EXPORT           I2C2_Handler              [WEAK
]
  377 00000220                 EXPORT           I2C3_Handler              [WEAK
]
  378 00000220                 EXPORT           Timer4A_Handler           [WEAK
]
  379 00000220                 EXPORT           Timer4B_Handler           [WEAK
]
  380 00000220                 EXPORT           Timer5A_Handler           [WEAK
]
  381 00000220                 EXPORT           Timer5B_Handler           [WEAK
]
  382 00000220                 EXPORT           FPU_Handler               [WEAK
]
  383 00000220                 EXPORT           I2C4_Handler              [WEAK
]
  384 00000220                 EXPORT           I2C5_Handler              [WEAK
]
  385 00000220                 EXPORT           GPIOPortM_Handler         [WEAK
]



ARM Macro Assembler    Page 12 


  386 00000220                 EXPORT           GPIOPortN_Handler         [WEAK
]
  387 00000220                 EXPORT           Tamper_Handler            [WEAK
]
  388 00000220                 EXPORT           GPIOPortP_Handler         [WEAK
]
  389 00000220                 EXPORT           GPIOPortP1_Handler        [WEAK
]
  390 00000220                 EXPORT           GPIOPortP2_Handler        [WEAK
]
  391 00000220                 EXPORT           GPIOPortP3_Handler        [WEAK
]
  392 00000220                 EXPORT           GPIOPortP4_Handler        [WEAK
]
  393 00000220                 EXPORT           GPIOPortP5_Handler        [WEAK
]
  394 00000220                 EXPORT           GPIOPortP6_Handler        [WEAK
]
  395 00000220                 EXPORT           GPIOPortP7_Handler        [WEAK
]
  396 00000220                 EXPORT           GPIOPortQ_Handler         [WEAK
]
  397 00000220                 EXPORT           GPIOPortQ1_Handler        [WEAK
]
  398 00000220                 EXPORT           GPIOPortQ2_Handler        [WEAK
]
  399 00000220                 EXPORT           GPIOPortQ3_Handler        [WEAK
]
  400 00000220                 EXPORT           GPIOPortQ4_Handler        [WEAK
]
  401 00000220                 EXPORT           GPIOPortQ5_Handler        [WEAK
]
  402 00000220                 EXPORT           GPIOPortQ6_Handler        [WEAK
]
  403 00000220                 EXPORT           GPIOPortQ7_Handler        [WEAK
]
  404 00000220                 EXPORT           Timer6A_Handler           [WEAK
]
  405 00000220                 EXPORT           Timer6B_Handler           [WEAK
]
  406 00000220                 EXPORT           Timer7A_Handler           [WEAK
]
  407 00000220                 EXPORT           Timer7B_Handler           [WEAK
]
  408 00000220                 EXPORT           I2C6_Handler              [WEAK
]
  409 00000220                 EXPORT           I2C7_Handler              [WEAK
]
  410 00000220                 EXPORT           I2C8_Handler              [WEAK
]
  411 00000220                 EXPORT           I2C9_Handler              [WEAK
]
  412 00000220         
  413 00000220         GPIOPortA_Handler
  414 00000220         GPIOPortB_Handler
  415 00000220         GPIOPortC_Handler
  416 00000220         GPIOPortD_Handler
  417 00000220         GPIOPortE_Handler
  418 00000220         UART0_Handler



ARM Macro Assembler    Page 13 


  419 00000220         UART1_Handler
  420 00000220         SSI0_Handler
  421 00000220         I2C0_Handler
  422 00000220         PWM0Fault_Handler
  423 00000220         PWM0Generator0_Handler
  424 00000220         PWM0Generator1_Handler
  425 00000220         PWM0Generator2_Handler
  426 00000220         Quadrature0_Handler
  427 00000220         ADC0Seq0_Handler
  428 00000220         ADC0Seq1_Handler
  429 00000220         ADC0Seq2_Handler
  430 00000220         ADC0Seq3_Handler
  431 00000220         WDT_Handler
  432 00000220         Timer0A_Handler
  433 00000220         Timer0B_Handler
  434 00000220         Timer1A_Handler
  435 00000220         Timer1B_Handler
  436 00000220         Timer2A_Handler
  437 00000220         Timer2B_Handler
  438 00000220         Comp0_Handler
  439 00000220         Comp1_Handler
  440 00000220         Comp2_Handler
  441 00000220         SysCtl_Handler
  442 00000220         FlashCtl_Handler
  443 00000220         GPIOPortF_Handler
  444 00000220         GPIOPortG_Handler
  445 00000220         GPIOPortH_Handler
  446 00000220         UART2_Handler
  447 00000220         SSI1_Handler
  448 00000220         Timer3A_Handler
  449 00000220         Timer3B_Handler
  450 00000220         I2C1_Handler
  451 00000220         CAN0_Handler
  452 00000220         CAN1_Handler
  453 00000220         Ethernet_Handler
  454 00000220         Hibernate_Handler
  455 00000220         USB0_Handler
  456 00000220         PWM0Generator3_Handler
  457 00000220         uDMA_Handler
  458 00000220         uDMA_Error
  459 00000220         ADC1Seq0_Handler
  460 00000220         ADC1Seq1_Handler
  461 00000220         ADC1Seq2_Handler
  462 00000220         ADC1Seq3_Handler
  463 00000220         ExtBus_Handler
  464 00000220         GPIOPortJ_Handler
  465 00000220         GPIOPortK_Handler
  466 00000220         GPIOPortL_Handler
  467 00000220         SSI2_Handler
  468 00000220         SSI3_Handler
  469 00000220         UART3_Handler
  470 00000220         UART4_Handler
  471 00000220         UART5_Handler
  472 00000220         UART6_Handler
  473 00000220         UART7_Handler
  474 00000220         I2C2_Handler
  475 00000220         I2C3_Handler
  476 00000220         Timer4A_Handler
  477 00000220         Timer4B_Handler



ARM Macro Assembler    Page 14 


  478 00000220         Timer5A_Handler
  479 00000220         Timer5B_Handler
  480 00000220         FPU_Handler
  481 00000220         I2C4_Handler
  482 00000220         I2C5_Handler
  483 00000220         GPIOPortM_Handler
  484 00000220         GPIOPortN_Handler
  485 00000220         Tamper_Handler
  486 00000220         GPIOPortP_Handler
  487 00000220         GPIOPortP1_Handler
  488 00000220         GPIOPortP2_Handler
  489 00000220         GPIOPortP3_Handler
  490 00000220         GPIOPortP4_Handler
  491 00000220         GPIOPortP5_Handler
  492 00000220         GPIOPortP6_Handler
  493 00000220         GPIOPortP7_Handler
  494 00000220         GPIOPortQ_Handler
  495 00000220         GPIOPortQ1_Handler
  496 00000220         GPIOPortQ2_Handler
  497 00000220         GPIOPortQ3_Handler
  498 00000220         GPIOPortQ4_Handler
  499 00000220         GPIOPortQ5_Handler
  500 00000220         GPIOPortQ6_Handler
  501 00000220         GPIOPortQ7_Handler
  502 00000220         Timer6A_Handler
  503 00000220         Timer6B_Handler
  504 00000220         Timer7A_Handler
  505 00000220         Timer7B_Handler
  506 00000220         I2C6_Handler
  507 00000220         I2C7_Handler
  508 00000220         I2C8_Handler
  509 00000220         I2C9_Handler
  510 00000220         
  511 00000220 E7FE            B                .
  512 00000222         
  513 00000222                 ENDP
  514 00000222         
  515 00000222         ;*******************************************************
                       ***********************
  516 00000222         ;
  517 00000222         ; Make sure the end of this section is aligned.
  518 00000222         ;
  519 00000222         ;*******************************************************
                       ***********************
  520 00000222 00 00           ALIGN
  521 00000224         
  522 00000224         ;*******************************************************
                       ***********************
  523 00000224         ;
  524 00000224         ; Some code in the normal code section for initializing 
                       the heap and stack.
  525 00000224         ;
  526 00000224         ;*******************************************************
                       ***********************
  527 00000224                 AREA             |.text|, CODE, READONLY
  528 00000000         
  529 00000000         ;*******************************************************
                       ***********************
  530 00000000         ;



ARM Macro Assembler    Page 15 


  531 00000000         ; Useful functions.
  532 00000000         ;
  533 00000000         ;*******************************************************
                       ***********************
  534 00000000                 EXPORT           DisableInterrupts
  535 00000000                 EXPORT           EnableInterrupts
  536 00000000                 EXPORT           StartCritical
  537 00000000                 EXPORT           EndCritical
  538 00000000                 EXPORT           WaitForInterrupt
  539 00000000         
  540 00000000         ;*********** DisableInterrupts ***************
  541 00000000         ; disable interrupts
  542 00000000         ; inputs:  none
  543 00000000         ; outputs: none
  544 00000000         DisableInterrupts
  545 00000000 B672            CPSID            I
  546 00000002 4770            BX               LR
  547 00000004         
  548 00000004         ;*********** EnableInterrupts ***************
  549 00000004         ; disable interrupts
  550 00000004         ; inputs:  none
  551 00000004         ; outputs: none
  552 00000004         EnableInterrupts
  553 00000004 B662            CPSIE            I
  554 00000006 4770            BX               LR
  555 00000008         
  556 00000008         ;*********** StartCritical ************************
  557 00000008         ; make a copy of previous I bit, disable interrupts
  558 00000008         ; inputs:  none
  559 00000008         ; outputs: previous I bit
  560 00000008         StartCritical
  561 00000008 F3EF 8010       MRS              R0, PRIMASK ; save old status
  562 0000000C B672            CPSID            I           ; mask all (except 
                                                            faults)
  563 0000000E 4770            BX               LR
  564 00000010         
  565 00000010         ;*********** EndCritical ************************
  566 00000010         ; using the copy of previous I bit, restore I bit to pre
                       vious value
  567 00000010         ; inputs:  previous I bit
  568 00000010         ; outputs: none
  569 00000010         EndCritical
  570 00000010 F380 8810       MSR              PRIMASK, R0
  571 00000014 4770            BX               LR
  572 00000016         
  573 00000016         ;*********** WaitForInterrupt ************************
  574 00000016         ; go to low power mode while waiting for the next interr
                       upt
  575 00000016         ; inputs:  none
  576 00000016         ; outputs: none
  577 00000016         WaitForInterrupt
  578 00000016 BF30            WFI
  579 00000018 4770            BX               LR
  580 0000001A         
  581 0000001A         
  582 0000001A         
  583 0000001A         ;*******************************************************
                       ***********************
  584 0000001A         ;



ARM Macro Assembler    Page 16 


  585 0000001A         ; Make sure the end of this section is aligned.
  586 0000001A         ;
  587 0000001A         ;*******************************************************
                       ***********************
  588 0000001A 00 00           ALIGN
  589 0000001C         
  590 0000001C         ;*******************************************************
                       ***********************
  591 0000001C         ;
  592 0000001C         ; Tell the assembler that we're done.
  593 0000001C         ;
  594 0000001C         ;*******************************************************
                       ***********************
  595 0000001C                 END
Command Line: --debug --xref --diag_suppress=9931 --cpu=Cortex-M4.fp --apcs=int
erwork --depend=.\objects\startup.d -o.\objects\startup.o -IC:\Users\mode_\Docu
ments\Fmat\MicroControladores\KeilProjects\Cash_flow\RTE\_Target_1 -IC:\Keil_v5
\ARM\PACK\Keil\TM4C_DFP\1.1.0\Device\Include\TM4C129 -IC:\Keil_v5\ARM\CMSIS\Inc
lude --predefine="__EVAL SETA 1" --predefine="__UVISION_VERSION SETA 522" --pre
define="TM4C1294NCPDT SETA 1" --list=.\listings\startup.lst startup.s



ARM Macro Assembler    Page 1 Alphabetic symbol ordering
Relocatable symbols

STACK 00000000

Symbol: STACK
   Definitions
      At line 52 in file startup.s
   Uses
      None
Comment: STACK unused
StackMem 00000000

Symbol: StackMem
   Definitions
      At line 53 in file startup.s
   Uses
      At line 90 in file startup.s
Comment: StackMem used once
__initial_sp 00000400

Symbol: __initial_sp
   Definitions
      At line 55 in file startup.s
   Uses
      None
Comment: __initial_sp unused
3 symbols



ARM Macro Assembler    Page 1 Alphabetic symbol ordering
Relocatable symbols

HEAP 00000000

Symbol: HEAP
   Definitions
      At line 62 in file startup.s
   Uses
      None
Comment: HEAP unused
HeapMem 00000000

Symbol: HeapMem
   Definitions
      At line 64 in file startup.s
   Uses
      None
Comment: HeapMem unused
__heap_base 00000000

Symbol: __heap_base
   Definitions
      At line 63 in file startup.s
   Uses
      None
Comment: __heap_base unused
__heap_limit 00000000

Symbol: __heap_limit
   Definitions
      At line 66 in file startup.s
   Uses
      None
Comment: __heap_limit unused
4 symbols



ARM Macro Assembler    Page 1 Alphabetic symbol ordering
Relocatable symbols

ADC0Seq0_Handler 00000220

Symbol: ADC0Seq0_Handler
   Definitions
      At line 427 in file startup.s
   Uses
      At line 120 in file startup.s
      At line 329 in file startup.s

ADC0Seq1_Handler 00000220

Symbol: ADC0Seq1_Handler
   Definitions
      At line 428 in file startup.s
   Uses
      At line 121 in file startup.s
      At line 330 in file startup.s

ADC0Seq2_Handler 00000220

Symbol: ADC0Seq2_Handler
   Definitions
      At line 429 in file startup.s
   Uses
      At line 122 in file startup.s
      At line 331 in file startup.s

ADC0Seq3_Handler 00000220

Symbol: ADC0Seq3_Handler
   Definitions
      At line 430 in file startup.s
   Uses
      At line 123 in file startup.s
      At line 332 in file startup.s

ADC1Seq0_Handler 00000220

Symbol: ADC1Seq0_Handler
   Definitions
      At line 459 in file startup.s
   Uses
      At line 152 in file startup.s
      At line 361 in file startup.s

ADC1Seq1_Handler 00000220

Symbol: ADC1Seq1_Handler
   Definitions
      At line 460 in file startup.s
   Uses
      At line 153 in file startup.s
      At line 362 in file startup.s

ADC1Seq2_Handler 00000220

Symbol: ADC1Seq2_Handler
   Definitions
      At line 461 in file startup.s



ARM Macro Assembler    Page 2 Alphabetic symbol ordering
Relocatable symbols

   Uses
      At line 154 in file startup.s
      At line 363 in file startup.s

ADC1Seq3_Handler 00000220

Symbol: ADC1Seq3_Handler
   Definitions
      At line 462 in file startup.s
   Uses
      At line 155 in file startup.s
      At line 364 in file startup.s

BusFault_Handler 00000212

Symbol: BusFault_Handler
   Definitions
      At line 285 in file startup.s
   Uses
      At line 95 in file startup.s
      At line 286 in file startup.s

CAN0_Handler 00000220

Symbol: CAN0_Handler
   Definitions
      At line 451 in file startup.s
   Uses
      At line 144 in file startup.s
      At line 353 in file startup.s

CAN1_Handler 00000220

Symbol: CAN1_Handler
   Definitions
      At line 452 in file startup.s
   Uses
      At line 145 in file startup.s
      At line 354 in file startup.s

Comp0_Handler 00000220

Symbol: Comp0_Handler
   Definitions
      At line 438 in file startup.s
   Uses
      At line 131 in file startup.s
      At line 340 in file startup.s

Comp1_Handler 00000220

Symbol: Comp1_Handler
   Definitions
      At line 439 in file startup.s
   Uses
      At line 132 in file startup.s
      At line 341 in file startup.s

Comp2_Handler 00000220



ARM Macro Assembler    Page 3 Alphabetic symbol ordering
Relocatable symbols


Symbol: Comp2_Handler
   Definitions
      At line 440 in file startup.s
   Uses
      At line 133 in file startup.s
      At line 342 in file startup.s

DebugMon_Handler 00000218

Symbol: DebugMon_Handler
   Definitions
      At line 299 in file startup.s
   Uses
      At line 102 in file startup.s
      At line 300 in file startup.s

Ethernet_Handler 00000220

Symbol: Ethernet_Handler
   Definitions
      At line 453 in file startup.s
   Uses
      At line 146 in file startup.s
      At line 355 in file startup.s

ExtBus_Handler 00000220

Symbol: ExtBus_Handler
   Definitions
      At line 463 in file startup.s
   Uses
      At line 156 in file startup.s
      At line 365 in file startup.s

FPU_Handler 00000220

Symbol: FPU_Handler
   Definitions
      At line 480 in file startup.s
   Uses
      At line 173 in file startup.s
      At line 382 in file startup.s

FlashCtl_Handler 00000220

Symbol: FlashCtl_Handler
   Definitions
      At line 442 in file startup.s
   Uses
      At line 135 in file startup.s
      At line 344 in file startup.s

GPIOPortA_Handler 00000220

Symbol: GPIOPortA_Handler
   Definitions
      At line 413 in file startup.s
   Uses



ARM Macro Assembler    Page 4 Alphabetic symbol ordering
Relocatable symbols

      At line 106 in file startup.s
      At line 315 in file startup.s

GPIOPortB_Handler 00000220

Symbol: GPIOPortB_Handler
   Definitions
      At line 414 in file startup.s
   Uses
      At line 107 in file startup.s
      At line 316 in file startup.s

GPIOPortC_Handler 00000220

Symbol: GPIOPortC_Handler
   Definitions
      At line 415 in file startup.s
   Uses
      At line 108 in file startup.s
      At line 317 in file startup.s

GPIOPortD_Handler 00000220

Symbol: GPIOPortD_Handler
   Definitions
      At line 416 in file startup.s
   Uses
      At line 109 in file startup.s
      At line 318 in file startup.s

GPIOPortE_Handler 00000220

Symbol: GPIOPortE_Handler
   Definitions
      At line 417 in file startup.s
   Uses
      At line 110 in file startup.s
      At line 319 in file startup.s

GPIOPortF_Handler 00000220

Symbol: GPIOPortF_Handler
   Definitions
      At line 443 in file startup.s
   Uses
      At line 136 in file startup.s
      At line 345 in file startup.s

GPIOPortG_Handler 00000220

Symbol: GPIOPortG_Handler
   Definitions
      At line 444 in file startup.s
   Uses
      At line 137 in file startup.s
      At line 346 in file startup.s

GPIOPortH_Handler 00000220




ARM Macro Assembler    Page 5 Alphabetic symbol ordering
Relocatable symbols

Symbol: GPIOPortH_Handler
   Definitions
      At line 445 in file startup.s
   Uses
      At line 138 in file startup.s
      At line 347 in file startup.s

GPIOPortJ_Handler 00000220

Symbol: GPIOPortJ_Handler
   Definitions
      At line 464 in file startup.s
   Uses
      At line 157 in file startup.s
      At line 366 in file startup.s

GPIOPortK_Handler 00000220

Symbol: GPIOPortK_Handler
   Definitions
      At line 465 in file startup.s
   Uses
      At line 158 in file startup.s
      At line 367 in file startup.s

GPIOPortL_Handler 00000220

Symbol: GPIOPortL_Handler
   Definitions
      At line 466 in file startup.s
   Uses
      At line 159 in file startup.s
      At line 368 in file startup.s

GPIOPortM_Handler 00000220

Symbol: GPIOPortM_Handler
   Definitions
      At line 483 in file startup.s
   Uses
      At line 178 in file startup.s
      At line 385 in file startup.s

GPIOPortN_Handler 00000220

Symbol: GPIOPortN_Handler
   Definitions
      At line 484 in file startup.s
   Uses
      At line 179 in file startup.s
      At line 386 in file startup.s

GPIOPortP1_Handler 00000220

Symbol: GPIOPortP1_Handler
   Definitions
      At line 487 in file startup.s
   Uses
      At line 183 in file startup.s



ARM Macro Assembler    Page 6 Alphabetic symbol ordering
Relocatable symbols

      At line 389 in file startup.s

GPIOPortP2_Handler 00000220

Symbol: GPIOPortP2_Handler
   Definitions
      At line 488 in file startup.s
   Uses
      At line 184 in file startup.s
      At line 390 in file startup.s

GPIOPortP3_Handler 00000220

Symbol: GPIOPortP3_Handler
   Definitions
      At line 489 in file startup.s
   Uses
      At line 185 in file startup.s
      At line 391 in file startup.s

GPIOPortP4_Handler 00000220

Symbol: GPIOPortP4_Handler
   Definitions
      At line 490 in file startup.s
   Uses
      At line 186 in file startup.s
      At line 392 in file startup.s

GPIOPortP5_Handler 00000220

Symbol: GPIOPortP5_Handler
   Definitions
      At line 491 in file startup.s
   Uses
      At line 187 in file startup.s
      At line 393 in file startup.s

GPIOPortP6_Handler 00000220

Symbol: GPIOPortP6_Handler
   Definitions
      At line 492 in file startup.s
   Uses
      At line 188 in file startup.s
      At line 394 in file startup.s

GPIOPortP7_Handler 00000220

Symbol: GPIOPortP7_Handler
   Definitions
      At line 493 in file startup.s
   Uses
      At line 189 in file startup.s
      At line 395 in file startup.s

GPIOPortP_Handler 00000220

Symbol: GPIOPortP_Handler



ARM Macro Assembler    Page 7 Alphabetic symbol ordering
Relocatable symbols

   Definitions
      At line 486 in file startup.s
   Uses
      At line 182 in file startup.s
      At line 388 in file startup.s

GPIOPortQ1_Handler 00000220

Symbol: GPIOPortQ1_Handler
   Definitions
      At line 495 in file startup.s
   Uses
      At line 191 in file startup.s
      At line 397 in file startup.s

GPIOPortQ2_Handler 00000220

Symbol: GPIOPortQ2_Handler
   Definitions
      At line 496 in file startup.s
   Uses
      At line 192 in file startup.s
      At line 398 in file startup.s

GPIOPortQ3_Handler 00000220

Symbol: GPIOPortQ3_Handler
   Definitions
      At line 497 in file startup.s
   Uses
      At line 193 in file startup.s
      At line 399 in file startup.s

GPIOPortQ4_Handler 00000220

Symbol: GPIOPortQ4_Handler
   Definitions
      At line 498 in file startup.s
   Uses
      At line 194 in file startup.s
      At line 400 in file startup.s

GPIOPortQ5_Handler 00000220

Symbol: GPIOPortQ5_Handler
   Definitions
      At line 499 in file startup.s
   Uses
      At line 195 in file startup.s
      At line 401 in file startup.s

GPIOPortQ6_Handler 00000220

Symbol: GPIOPortQ6_Handler
   Definitions
      At line 500 in file startup.s
   Uses
      At line 196 in file startup.s
      At line 402 in file startup.s



ARM Macro Assembler    Page 8 Alphabetic symbol ordering
Relocatable symbols


GPIOPortQ7_Handler 00000220

Symbol: GPIOPortQ7_Handler
   Definitions
      At line 501 in file startup.s
   Uses
      At line 197 in file startup.s
      At line 403 in file startup.s

GPIOPortQ_Handler 00000220

Symbol: GPIOPortQ_Handler
   Definitions
      At line 494 in file startup.s
   Uses
      At line 190 in file startup.s
      At line 396 in file startup.s

HardFault_Handler 0000020E

Symbol: HardFault_Handler
   Definitions
      At line 274 in file startup.s
   Uses
      At line 93 in file startup.s
      At line 275 in file startup.s

Hibernate_Handler 00000220

Symbol: Hibernate_Handler
   Definitions
      At line 454 in file startup.s
   Uses
      At line 147 in file startup.s
      At line 356 in file startup.s

I2C0_Handler 00000220

Symbol: I2C0_Handler
   Definitions
      At line 421 in file startup.s
   Uses
      At line 114 in file startup.s
      At line 323 in file startup.s

I2C1_Handler 00000220

Symbol: I2C1_Handler
   Definitions
      At line 450 in file startup.s
   Uses
      At line 143 in file startup.s
      At line 352 in file startup.s

I2C2_Handler 00000220

Symbol: I2C2_Handler
   Definitions



ARM Macro Assembler    Page 9 Alphabetic symbol ordering
Relocatable symbols

      At line 474 in file startup.s
   Uses
      At line 167 in file startup.s
      At line 376 in file startup.s

I2C3_Handler 00000220

Symbol: I2C3_Handler
   Definitions
      At line 475 in file startup.s
   Uses
      At line 168 in file startup.s
      At line 377 in file startup.s

I2C4_Handler 00000220

Symbol: I2C4_Handler
   Definitions
      At line 481 in file startup.s
   Uses
      At line 176 in file startup.s
      At line 383 in file startup.s

I2C5_Handler 00000220

Symbol: I2C5_Handler
   Definitions
      At line 482 in file startup.s
   Uses
      At line 177 in file startup.s
      At line 384 in file startup.s

I2C6_Handler 00000220

Symbol: I2C6_Handler
   Definitions
      At line 506 in file startup.s
   Uses
      At line 208 in file startup.s
      At line 408 in file startup.s

I2C7_Handler 00000220

Symbol: I2C7_Handler
   Definitions
      At line 507 in file startup.s
   Uses
      At line 209 in file startup.s
      At line 409 in file startup.s

I2C8_Handler 00000220

Symbol: I2C8_Handler
   Definitions
      At line 508 in file startup.s
   Uses
      At line 215 in file startup.s
      At line 410 in file startup.s




ARM Macro Assembler    Page 10 Alphabetic symbol ordering
Relocatable symbols

I2C9_Handler 00000220

Symbol: I2C9_Handler
   Definitions
      At line 509 in file startup.s
   Uses
      At line 216 in file startup.s
      At line 411 in file startup.s

IntDefaultHandler 00000220

Symbol: IntDefaultHandler
   Definitions
      At line 313 in file startup.s
   Uses
      None
Comment: IntDefaultHandler unused
MemManage_Handler 00000210

Symbol: MemManage_Handler
   Definitions
      At line 280 in file startup.s
   Uses
      At line 94 in file startup.s
      At line 281 in file startup.s

NMI_Handler 0000020C

Symbol: NMI_Handler
   Definitions
      At line 261 in file startup.s
   Uses
      At line 92 in file startup.s
      At line 262 in file startup.s

PWM0Fault_Handler 00000220

Symbol: PWM0Fault_Handler
   Definitions
      At line 422 in file startup.s
   Uses
      At line 115 in file startup.s
      At line 324 in file startup.s

PWM0Generator0_Handler 00000220

Symbol: PWM0Generator0_Handler
   Definitions
      At line 423 in file startup.s
   Uses
      At line 116 in file startup.s
      At line 325 in file startup.s

PWM0Generator1_Handler 00000220

Symbol: PWM0Generator1_Handler
   Definitions
      At line 424 in file startup.s
   Uses



ARM Macro Assembler    Page 11 Alphabetic symbol ordering
Relocatable symbols

      At line 117 in file startup.s
      At line 326 in file startup.s

PWM0Generator2_Handler 00000220

Symbol: PWM0Generator2_Handler
   Definitions
      At line 425 in file startup.s
   Uses
      At line 118 in file startup.s
      At line 327 in file startup.s

PWM0Generator3_Handler 00000220

Symbol: PWM0Generator3_Handler
   Definitions
      At line 456 in file startup.s
   Uses
      At line 149 in file startup.s
      At line 358 in file startup.s

PendSV_Handler 0000021A

Symbol: PendSV_Handler
   Definitions
      At line 303 in file startup.s
   Uses
      At line 104 in file startup.s
      At line 304 in file startup.s

Quadrature0_Handler 00000220

Symbol: Quadrature0_Handler
   Definitions
      At line 426 in file startup.s
   Uses
      At line 119 in file startup.s
      At line 328 in file startup.s

RESET 00000000

Symbol: RESET
   Definitions
      At line 80 in file startup.s
   Uses
      None
Comment: RESET unused
Reset_Handler 00000208

Symbol: Reset_Handler
   Definitions
      At line 228 in file startup.s
   Uses
      At line 91 in file startup.s
      At line 227 in file startup.s

SSI0_Handler 00000220

Symbol: SSI0_Handler



ARM Macro Assembler    Page 12 Alphabetic symbol ordering
Relocatable symbols

   Definitions
      At line 420 in file startup.s
   Uses
      At line 113 in file startup.s
      At line 322 in file startup.s

SSI1_Handler 00000220

Symbol: SSI1_Handler
   Definitions
      At line 447 in file startup.s
   Uses
      At line 140 in file startup.s
      At line 349 in file startup.s

SSI2_Handler 00000220

Symbol: SSI2_Handler
   Definitions
      At line 467 in file startup.s
   Uses
      At line 160 in file startup.s
      At line 369 in file startup.s

SSI3_Handler 00000220

Symbol: SSI3_Handler
   Definitions
      At line 468 in file startup.s
   Uses
      At line 161 in file startup.s
      At line 370 in file startup.s

SVC_Handler 00000216

Symbol: SVC_Handler
   Definitions
      At line 294 in file startup.s
   Uses
      At line 101 in file startup.s
      At line 295 in file startup.s

SysCtl_Handler 00000220

Symbol: SysCtl_Handler
   Definitions
      At line 441 in file startup.s
   Uses
      At line 134 in file startup.s
      At line 343 in file startup.s

SysTick_Handler 0000021C

Symbol: SysTick_Handler
   Definitions
      At line 307 in file startup.s
   Uses
      At line 105 in file startup.s
      At line 309 in file startup.s



ARM Macro Assembler    Page 13 Alphabetic symbol ordering
Relocatable symbols


Tamper_Handler 00000220

Symbol: Tamper_Handler
   Definitions
      At line 485 in file startup.s
   Uses
      At line 181 in file startup.s
      At line 387 in file startup.s

Timer0A_Handler 00000220

Symbol: Timer0A_Handler
   Definitions
      At line 432 in file startup.s
   Uses
      At line 125 in file startup.s
      At line 334 in file startup.s

Timer0B_Handler 00000220

Symbol: Timer0B_Handler
   Definitions
      At line 433 in file startup.s
   Uses
      At line 126 in file startup.s
      At line 335 in file startup.s

Timer1A_Handler 00000220

Symbol: Timer1A_Handler
   Definitions
      At line 434 in file startup.s
   Uses
      At line 127 in file startup.s
      At line 336 in file startup.s

Timer1B_Handler 00000220

Symbol: Timer1B_Handler
   Definitions
      At line 435 in file startup.s
   Uses
      At line 128 in file startup.s
      At line 337 in file startup.s

Timer2A_Handler 00000220

Symbol: Timer2A_Handler
   Definitions
      At line 436 in file startup.s
   Uses
      At line 129 in file startup.s
      At line 338 in file startup.s

Timer2B_Handler 00000220

Symbol: Timer2B_Handler
   Definitions



ARM Macro Assembler    Page 14 Alphabetic symbol ordering
Relocatable symbols

      At line 437 in file startup.s
   Uses
      At line 130 in file startup.s
      At line 339 in file startup.s

Timer3A_Handler 00000220

Symbol: Timer3A_Handler
   Definitions
      At line 448 in file startup.s
   Uses
      At line 141 in file startup.s
      At line 350 in file startup.s

Timer3B_Handler 00000220

Symbol: Timer3B_Handler
   Definitions
      At line 449 in file startup.s
   Uses
      At line 142 in file startup.s
      At line 351 in file startup.s

Timer4A_Handler 00000220

Symbol: Timer4A_Handler
   Definitions
      At line 476 in file startup.s
   Uses
      At line 169 in file startup.s
      At line 378 in file startup.s

Timer4B_Handler 00000220

Symbol: Timer4B_Handler
   Definitions
      At line 477 in file startup.s
   Uses
      At line 170 in file startup.s
      At line 379 in file startup.s

Timer5A_Handler 00000220

Symbol: Timer5A_Handler
   Definitions
      At line 478 in file startup.s
   Uses
      At line 171 in file startup.s
      At line 380 in file startup.s

Timer5B_Handler 00000220

Symbol: Timer5B_Handler
   Definitions
      At line 479 in file startup.s
   Uses
      At line 172 in file startup.s
      At line 381 in file startup.s




ARM Macro Assembler    Page 15 Alphabetic symbol ordering
Relocatable symbols

Timer6A_Handler 00000220

Symbol: Timer6A_Handler
   Definitions
      At line 502 in file startup.s
   Uses
      At line 204 in file startup.s
      At line 404 in file startup.s

Timer6B_Handler 00000220

Symbol: Timer6B_Handler
   Definitions
      At line 503 in file startup.s
   Uses
      At line 205 in file startup.s
      At line 405 in file startup.s

Timer7A_Handler 00000220

Symbol: Timer7A_Handler
   Definitions
      At line 504 in file startup.s
   Uses
      At line 206 in file startup.s
      At line 406 in file startup.s

Timer7B_Handler 00000220

Symbol: Timer7B_Handler
   Definitions
      At line 505 in file startup.s
   Uses
      At line 207 in file startup.s
      At line 407 in file startup.s

UART0_Handler 00000220

Symbol: UART0_Handler
   Definitions
      At line 418 in file startup.s
   Uses
      At line 111 in file startup.s
      At line 320 in file startup.s

UART1_Handler 00000220

Symbol: UART1_Handler
   Definitions
      At line 419 in file startup.s
   Uses
      At line 112 in file startup.s
      At line 321 in file startup.s

UART2_Handler 00000220

Symbol: UART2_Handler
   Definitions
      At line 446 in file startup.s



ARM Macro Assembler    Page 16 Alphabetic symbol ordering
Relocatable symbols

   Uses
      At line 139 in file startup.s
      At line 348 in file startup.s

UART3_Handler 00000220

Symbol: UART3_Handler
   Definitions
      At line 469 in file startup.s
   Uses
      At line 162 in file startup.s
      At line 371 in file startup.s

UART4_Handler 00000220

Symbol: UART4_Handler
   Definitions
      At line 470 in file startup.s
   Uses
      At line 163 in file startup.s
      At line 372 in file startup.s

UART5_Handler 00000220

Symbol: UART5_Handler
   Definitions
      At line 471 in file startup.s
   Uses
      At line 164 in file startup.s
      At line 373 in file startup.s

UART6_Handler 00000220

Symbol: UART6_Handler
   Definitions
      At line 472 in file startup.s
   Uses
      At line 165 in file startup.s
      At line 374 in file startup.s

UART7_Handler 00000220

Symbol: UART7_Handler
   Definitions
      At line 473 in file startup.s
   Uses
      At line 166 in file startup.s
      At line 375 in file startup.s

USB0_Handler 00000220

Symbol: USB0_Handler
   Definitions
      At line 455 in file startup.s
   Uses
      At line 148 in file startup.s
      At line 357 in file startup.s

UsageFault_Handler 00000214



ARM Macro Assembler    Page 17 Alphabetic symbol ordering
Relocatable symbols


Symbol: UsageFault_Handler
   Definitions
      At line 290 in file startup.s
   Uses
      At line 96 in file startup.s
      At line 291 in file startup.s

WDT_Handler 00000220

Symbol: WDT_Handler
   Definitions
      At line 431 in file startup.s
   Uses
      At line 124 in file startup.s
      At line 333 in file startup.s

__Vectors 00000000

Symbol: __Vectors
   Definitions
      At line 89 in file startup.s
   Uses
      At line 88 in file startup.s
Comment: __Vectors used once
uDMA_Error 00000220

Symbol: uDMA_Error
   Definitions
      At line 458 in file startup.s
   Uses
      At line 151 in file startup.s
      At line 360 in file startup.s

uDMA_Handler 00000220

Symbol: uDMA_Handler
   Definitions
      At line 457 in file startup.s
   Uses
      At line 150 in file startup.s
      At line 359 in file startup.s

110 symbols



ARM Macro Assembler    Page 1 Alphabetic symbol ordering
Relocatable symbols

.text 00000000

Symbol: .text
   Definitions
      At line 527 in file startup.s
   Uses
      None
Comment: .text unused
DisableInterrupts 00000000

Symbol: DisableInterrupts
   Definitions
      At line 544 in file startup.s
   Uses
      At line 534 in file startup.s
Comment: DisableInterrupts used once
EnableInterrupts 00000004

Symbol: EnableInterrupts
   Definitions
      At line 552 in file startup.s
   Uses
      At line 535 in file startup.s
Comment: EnableInterrupts used once
EndCritical 00000010

Symbol: EndCritical
   Definitions
      At line 569 in file startup.s
   Uses
      At line 537 in file startup.s
Comment: EndCritical used once
StartCritical 00000008

Symbol: StartCritical
   Definitions
      At line 560 in file startup.s
   Uses
      At line 536 in file startup.s
Comment: StartCritical used once
WaitForInterrupt 00000016

Symbol: WaitForInterrupt
   Definitions
      At line 577 in file startup.s
   Uses
      At line 538 in file startup.s
Comment: WaitForInterrupt used once
6 symbols



ARM Macro Assembler    Page 1 Alphabetic symbol ordering
Absolute symbols

Heap 00000000

Symbol: Heap
   Definitions
      At line 45 in file startup.s
   Uses
      At line 65 in file startup.s
Comment: Heap used once
Stack 00000400

Symbol: Stack
   Definitions
      At line 38 in file startup.s
   Uses
      At line 54 in file startup.s
      At line 90 in file startup.s

2 symbols



ARM Macro Assembler    Page 1 Alphabetic symbol ordering
External symbols

Start 00000000

Symbol: Start
   Definitions
      At line 251 in file startup.s
   Uses
      At line 252 in file startup.s
Comment: Start used once
systick_interrupt 00000000

Symbol: systick_interrupt
   Definitions
      At line 308 in file startup.s
   Uses
      At line 310 in file startup.s
Comment: systick_interrupt used once
2 symbols
461 symbols in table
