


ARM Macro Assembler    Page 1 


    1 00000000         ; VMC_MDB_Main.s
    2 00000000         ; Runs on TM4C1294
    3 00000000         ; Implementacion basica de un controlador de maquina exp
                       endedroa VCM
    4 00000000         ; David Pinzon & Alberto Lopez
    5 00000000         ; May 27, 2017
    6 00000000         
    7 00000000         ;THIS SOFTWARE IS PROVIDED "AS IS".  NO WARRANTIES, WHET
                       HER EXPRESS, IMPLIED
    8 00000000         ;OR STATUTORY, INCLUDING, BUT NOT LIMITED TO, IMPLIED WA
                       RRANTIES OF
    9 00000000         ;MERCHANTABILITY AND FITNESS FOR A PARTICULAR PURPOSE AP
                       PLY TO THIS SOFTWARE.
   10 00000000         ;VALVANO SHALL NOT, IN ANY CIRCUMSTANCES, BE LIABLE FOR 
                       SPECIAL, INCIDENTAL,
   11 00000000         ;OR CONSEQUENTIAL DAMAGES, FOR ANY REASON WHATSOEVER.
   12 00000000         
   13 00000000         ; standard ASCII symbols
   14 00000000 0000000D 
                       CR      EQU              0x0D
   15 00000000 0000000A 
                       LF      EQU              0x0A
   16 00000000 00000008 
                       BS      EQU              0x08
   17 00000000 0000001B 
                       ESC     EQU              0x1B
   18 00000000 00000020 
                       SPA     EQU              0x20
   19 00000000 0000007F 
                       DEL     EQU              0x7F
   20 00000000         
   21 00000000         ; functions from PLL.s
   22 00000000                 IMPORT           PLL_Init
   23 00000000         
   24 00000000         ; functions from UARTInts.s
   25 00000000                 IMPORT           UART_Init
   26 00000000         
   27 00000000         ; functions from mdb.s
   28 00000000                 IMPORT           MDB_SendAddress
   29 00000000                 IMPORT           MDB_SendCommand
   30 00000000                 IMPORT           MDB_SendACK
   31 00000000                 IMPORT           MDB_SendRET
   32 00000000                 IMPORT           MDB_SendNAK
   33 00000000                 IMPORT           MDB_GetAnswer
   34 00000000         
   35 00000000                 AREA             DATA, ALIGN=2
   36 00000000 00000024 
                       STRLEN  EQU              36          ; string holds 19 n
                                                            on-NULL characters
   37 00000000 00 00 00 
              00 00 00 
              00 00 00 
              00 00 00 
              00 00 00 
              00 00 00 
              00 00 00 
              00 00 00 
              00 00 00 
              00 00 00 



ARM Macro Assembler    Page 2 


              00 00 00 
              00 00 00 
              00       String  SPACE            (STRLEN+1)
   38 00000025 00 00 00 
              00       Number  SPACE            4
   39 00000029                 EXPORT           String      ; global only for o
                                                            bservation using de
                                                            bugger
   40 00000029                 EXPORT           Number      ; global only for o
                                                            bservation using de
                                                            bugger
   41 00000029         
   42 00000029                 AREA             |.text|, CODE, READONLY, ALIGN=
2
   43 00000000                 THUMB
   44 00000000                 EXPORT           Start
   45 00000000         
   46 00000000                 ALIGN                        ; make sure the end
                                                             of this section is
                                                             aligned
   47 00000000         
   48 00000000         Start
   49 00000000 F7FF FFFE       BL               PLL_Init    ; set system clock 
                                                            to 120 MHz
   50 00000004 F7FF FFFE       BL               UART_Init   ; initialize UART
   51 00000008         
   52 00000008         
   53 00000008                 ALIGN                        ; make sure the end
                                                             of this section is
                                                             aligned
   54 00000008                 END                          ; end of file
Command Line: --debug --xref --diag_suppress=9931 --cpu=Cortex-M4.fp --apcs=int
erwork --depend=.\objects\vmc_mdb_main.d -o.\objects\vmc_mdb_main.o -IC:\Users\
mode_\Documents\Fmat\MicroControladores\KeilProjects\Cash_flow\RTE\_Target_1 -I
C:\Keil_v5\ARM\PACK\Keil\TM4C_DFP\1.1.0\Device\Include\TM4C129 -IC:\Keil_v5\ARM
\CMSIS\Include --predefine="__EVAL SETA 1" --predefine="__UVISION_VERSION SETA 
522" --predefine="TM4C1294NCPDT SETA 1" --list=.\listings\vmc_mdb_main.lst VMC_
MDB_Main.s



ARM Macro Assembler    Page 1 Alphabetic symbol ordering
Relocatable symbols

DATA 00000000

Symbol: DATA
   Definitions
      At line 35 in file VMC_MDB_Main.s
   Uses
      None
Comment: DATA unused
Number 00000025

Symbol: Number
   Definitions
      At line 38 in file VMC_MDB_Main.s
   Uses
      At line 40 in file VMC_MDB_Main.s
Comment: Number used once
String 00000000

Symbol: String
   Definitions
      At line 37 in file VMC_MDB_Main.s
   Uses
      At line 39 in file VMC_MDB_Main.s
Comment: String used once
3 symbols



ARM Macro Assembler    Page 1 Alphabetic symbol ordering
Relocatable symbols

.text 00000000

Symbol: .text
   Definitions
      At line 42 in file VMC_MDB_Main.s
   Uses
      None
Comment: .text unused
Start 00000000

Symbol: Start
   Definitions
      At line 48 in file VMC_MDB_Main.s
   Uses
      At line 44 in file VMC_MDB_Main.s
Comment: Start used once
2 symbols



ARM Macro Assembler    Page 1 Alphabetic symbol ordering
Absolute symbols

BS 00000008

Symbol: BS
   Definitions
      At line 16 in file VMC_MDB_Main.s
   Uses
      None
Comment: BS unused
CR 0000000D

Symbol: CR
   Definitions
      At line 14 in file VMC_MDB_Main.s
   Uses
      None
Comment: CR unused
DEL 0000007F

Symbol: DEL
   Definitions
      At line 19 in file VMC_MDB_Main.s
   Uses
      None
Comment: DEL unused
ESC 0000001B

Symbol: ESC
   Definitions
      At line 17 in file VMC_MDB_Main.s
   Uses
      None
Comment: ESC unused
LF 0000000A

Symbol: LF
   Definitions
      At line 15 in file VMC_MDB_Main.s
   Uses
      None
Comment: LF unused
SPA 00000020

Symbol: SPA
   Definitions
      At line 18 in file VMC_MDB_Main.s
   Uses
      None
Comment: SPA unused
STRLEN 00000024

Symbol: STRLEN
   Definitions
      At line 36 in file VMC_MDB_Main.s
   Uses
      At line 37 in file VMC_MDB_Main.s
Comment: STRLEN used once
7 symbols



ARM Macro Assembler    Page 1 Alphabetic symbol ordering
External symbols

MDB_GetAnswer 00000000

Symbol: MDB_GetAnswer
   Definitions
      At line 33 in file VMC_MDB_Main.s
   Uses
      None
Comment: MDB_GetAnswer unused
MDB_SendACK 00000000

Symbol: MDB_SendACK
   Definitions
      At line 30 in file VMC_MDB_Main.s
   Uses
      None
Comment: MDB_SendACK unused
MDB_SendAddress 00000000

Symbol: MDB_SendAddress
   Definitions
      At line 28 in file VMC_MDB_Main.s
   Uses
      None
Comment: MDB_SendAddress unused
MDB_SendCommand 00000000

Symbol: MDB_SendCommand
   Definitions
      At line 29 in file VMC_MDB_Main.s
   Uses
      None
Comment: MDB_SendCommand unused
MDB_SendNAK 00000000

Symbol: MDB_SendNAK
   Definitions
      At line 32 in file VMC_MDB_Main.s
   Uses
      None
Comment: MDB_SendNAK unused
MDB_SendRET 00000000

Symbol: MDB_SendRET
   Definitions
      At line 31 in file VMC_MDB_Main.s
   Uses
      None
Comment: MDB_SendRET unused
PLL_Init 00000000

Symbol: PLL_Init
   Definitions
      At line 22 in file VMC_MDB_Main.s
   Uses
      At line 49 in file VMC_MDB_Main.s
Comment: PLL_Init used once
UART_Init 00000000

Symbol: UART_Init



ARM Macro Assembler    Page 2 Alphabetic symbol ordering
External symbols

   Definitions
      At line 25 in file VMC_MDB_Main.s
   Uses
      At line 50 in file VMC_MDB_Main.s
Comment: UART_Init used once
8 symbols
354 symbols in table
